<?xml version="1.0" encoding="UTF-8"?>
<testsuite xmlns:xsi="http://www.w3.org/2001/XMLSchema-instance" xsi:noNamespaceSchemaLocation="https://maven.apache.org/surefire/maven-surefire-plugin/xsd/surefire-test-report-3.0.xsd" version="3.0" name="com.openclassrooms.tourguide.TestTourGuideService" time="0.277" tests="5" errors="0" skipped="0" failures="0">
  <properties>
[...]
</properties>
  <testcase name="getUserLocation" classname="com.openclassrooms.tourguide.TestTourGuideService" time="0.056">
    <system-out><![CDATA[17:17:05.532 [main] INFO com.openclassrooms.tourguide.service.TourGuideService -- TestMode enabled
]]></system-out>
  </testcase>
  <testcase name="addUser" classname="com.openclassrooms.tourguide.TestTourGuideService" time="0.002">
    <system-out><![CDATA[17:17:05.589 [main] INFO com.openclassrooms.tourguide.service.TourGuideService -- TestMode enabled
]]></system-out>
  </testcase>
  <testcase name="getAllUsers" classname="com.openclassrooms.tourguide.TestTourGuideService" time="0.002">
    <system-out><![CDATA[17:17:05.591 [main] INFO com.openclassrooms.tourguide.service.TourGuideService -- TestMode enabled
]]></system-out>
  </testcase>
  <testcase name="trackUser" classname="com.openclassrooms.tourguide.TestTourGuideService" time="0.091">
    <system-out><![CDATA[17:17:05.594 [main] INFO com.openclassrooms.tourguide.service.TourGuideService -- TestMode enabled
]]></system-out>
  </testcase>
  <testcase name="getNearbyAttractions" classname="com.openclassrooms.tourguide.TestTourGuideService" time="0.122">
    <system-out><![CDATA[17:17:05.686 [main] INFO com.openclassrooms.tourguide.service.TourGuideService -- TestMode enabled
17:17:05.805 [main] INFO com.openclassrooms.tourguide.service.TourGuideService -- nearest : McKinley Tower
17:17:05.807 [main] INFO com.openclassrooms.tourguide.service.TourGuideService -- nearest : Jackson Hole
17:17:05.807 [main] INFO com.openclassrooms.tourguide.service.TourGuideService -- nearest : Franklin Park Zoo
17:17:05.807 [main] INFO com.openclassrooms.tourguide.service.TourGuideService -- nearest : Bronx Zoo
17:17:05.807 [main] INFO com.openclassrooms.tourguide.service.TourGuideService -- nearest : Flatiron Building
]]></system-out>
  </testcase>
</testsuite>